<?xml version="1.0" encoding="UTF-8"?>
<testng-results ignored="0" total="3" passed="2" failed="1" skipped="0">
  <reporter-output>
  </reporter-output>
  <suite started-at="2024-02-08T10:09:19 EST" name="SuiteName" finished-at="2024-02-08T10:11:26 EST" duration-ms="126572">
    <groups>
    </groups>
    <test started-at="2024-02-08T10:09:19 EST" name="FillFormTest" finished-at="2024-02-08T10:10:13 EST" duration-ms="53918">
      <class name="com.DemoLogin.FillFormTest">
        <test-method is-config="true" signature="setUp(java.lang.reflect.Method,java.lang.String)[pri:0, instance:com.DemoLogin.FillFormTest@28dcca0c]" started-at="2024-02-08T10:09:19 EST" name="setUp" finished-at="2024-02-08T10:09:49 EST" duration-ms="29502" status="PASS">
          <params>
            <param index="0">
              <value>
                <![CDATA[public void com.DemoLogin.FillFormTest.clicOnAlert()]]>
              </value>
            </param>
            <param index="1">
              <value>
                <![CDATA[Firefox]]>
              </value>
            </param>
          </params>
          <reporter-output>
          </reporter-output>
        </test-method> <!-- setUp -->
        <test-method signature="clicOnAlert()[pri:0, instance:com.DemoLogin.FillFormTest@28dcca0c]" started-at="2024-02-08T10:09:49 EST" name="clicOnAlert" finished-at="2024-02-08T10:10:02 EST" duration-ms="13764" status="PASS">
          <reporter-output>
          </reporter-output>
        </test-method> <!-- clicOnAlert -->
        <test-method is-config="true" signature="tearDown(org.testng.ITestResult)[pri:0, instance:com.DemoLogin.FillFormTest@28dcca0c]" started-at="2024-02-08T10:10:02 EST" name="tearDown" finished-at="2024-02-08T10:10:13 EST" duration-ms="10554" status="PASS">
          <params>
            <param index="0">
              <value>
                <![CDATA[[TestResult name=clicOnAlert status=SUCCESS method=FillFormTest.clicOnAlert()[pri:0, instance:com.DemoLogin.FillFormTest@28dcca0c] output={null}]]]>
              </value>
            </param>
          </params>
          <reporter-output>
          </reporter-output>
        </test-method> <!-- tearDown -->
        <test-method is-config="true" signature="tearDown()[pri:0, instance:com.DemoLogin.FillFormTest@28dcca0c]" started-at="2024-02-08T10:10:13 EST" name="tearDown" finished-at="2024-02-08T10:10:13 EST" duration-ms="1" status="PASS">
          <reporter-output>
          </reporter-output>
        </test-method> <!-- tearDown -->
      </class> <!-- com.DemoLogin.FillFormTest -->
    </test> <!-- FillFormTest -->
    <test started-at="2024-02-08T10:10:13 EST" name="BaseClassTest" finished-at="2024-02-08T10:10:40 EST" duration-ms="26861">
      <class name="com.DemoLogin.BaseClassTest">
        <test-method is-config="true" signature="setUp(java.lang.reflect.Method,java.lang.String)[pri:0, instance:com.DemoLogin.BaseClassTest@23f5b5dc]" started-at="2024-02-08T10:10:13 EST" name="setUp" finished-at="2024-02-08T10:10:30 EST" duration-ms="17185" status="PASS">
          <params>
            <param index="0">
              <value>
                <![CDATA[public void com.DemoLogin.BaseClassTest.myTest()]]>
              </value>
            </param>
            <param index="1">
              <value>
                <![CDATA[Edge]]>
              </value>
            </param>
          </params>
          <reporter-output>
          </reporter-output>
        </test-method> <!-- setUp -->
        <test-method signature="myTest()[pri:0, instance:com.DemoLogin.BaseClassTest@23f5b5dc]" started-at="2024-02-08T10:10:30 EST" name="myTest" finished-at="2024-02-08T10:10:34 EST" duration-ms="3433" status="PASS">
          <reporter-output>
          </reporter-output>
        </test-method> <!-- myTest -->
        <test-method is-config="true" signature="tearDown(org.testng.ITestResult)[pri:0, instance:com.DemoLogin.BaseClassTest@23f5b5dc]" started-at="2024-02-08T10:10:34 EST" name="tearDown" finished-at="2024-02-08T10:10:40 EST" duration-ms="6236" status="PASS">
          <params>
            <param index="0">
              <value>
                <![CDATA[[TestResult name=myTest status=SUCCESS method=BaseClassTest.myTest()[pri:0, instance:com.DemoLogin.BaseClassTest@23f5b5dc] output={null}]]]>
              </value>
            </param>
          </params>
          <reporter-output>
          </reporter-output>
        </test-method> <!-- tearDown -->
        <test-method is-config="true" signature="tearDown()[pri:0, instance:com.DemoLogin.BaseClassTest@23f5b5dc]" started-at="2024-02-08T10:10:40 EST" name="tearDown" finished-at="2024-02-08T10:10:40 EST" duration-ms="2" status="PASS">
          <reporter-output>
          </reporter-output>
        </test-method> <!-- tearDown -->
      </class> <!-- com.DemoLogin.BaseClassTest -->
    </test> <!-- BaseClassTest -->
    <test started-at="2024-02-08T10:10:40 EST" name="BaseClassTest1" finished-at="2024-02-08T10:11:26 EST" duration-ms="45640">
      <class name="com.DemoLogin.BaseClassTest1">
        <test-method is-config="true" signature="setUp(java.lang.reflect.Method,java.lang.String)[pri:0, instance:com.DemoLogin.BaseClassTest1@821330f]" started-at="2024-02-08T10:10:40 EST" name="setUp" finished-at="2024-02-08T10:10:56 EST" duration-ms="15819" status="PASS">
          <params>
            <param index="0">
              <value>
                <![CDATA[public void com.DemoLogin.BaseClassTest1.myTest()]]>
              </value>
            </param>
            <param index="1">
              <value>
                <![CDATA[Chrome]]>
              </value>
            </param>
          </params>
          <reporter-output>
          </reporter-output>
        </test-method> <!-- setUp -->
        <test-method signature="myTest()[pri:0, instance:com.DemoLogin.BaseClassTest1@821330f]" started-at="2024-02-08T10:10:56 EST" name="myTest" finished-at="2024-02-08T10:11:19 EST" duration-ms="22850" status="FAIL">
          <exception class="java.lang.AssertionError">
            <message>
              <![CDATA[expected [YouTube] but found [youtube]]]>
            </message>
            <full-stacktrace>
              <![CDATA[java.lang.AssertionError: expected [YouTube] but found [youtube]
at org.testng.Assert.fail(Assert.java:111)
at org.testng.Assert.failNotEquals(Assert.java:1578)
at org.testng.Assert.assertEqualsImpl(Assert.java:150)
at org.testng.Assert.assertEquals(Assert.java:132)
at org.testng.Assert.assertEquals(Assert.java:656)
at org.testng.Assert.assertEquals(Assert.java:666)
at com.DemoLogin.BaseClassTest1.myTest(BaseClassTest1.java:13)
at java.base/jdk.internal.reflect.DirectMethodHandleAccessor.invoke(DirectMethodHandleAccessor.java:104)
at java.base/java.lang.reflect.Method.invoke(Method.java:578)
at org.testng.internal.invokers.MethodInvocationHelper.invokeMethod(MethodInvocationHelper.java:139)
at org.testng.internal.invokers.TestInvoker.invokeMethod(TestInvoker.java:664)
at org.testng.internal.invokers.TestInvoker.invokeTestMethod(TestInvoker.java:227)
at org.testng.internal.invokers.MethodRunner.runInSequence(MethodRunner.java:50)
at org.testng.internal.invokers.TestInvoker$MethodInvocationAgent.invoke(TestInvoker.java:957)
at org.testng.internal.invokers.TestInvoker.invokeTestMethods(TestInvoker.java:200)
at org.testng.internal.invokers.TestMethodWorker.invokeTestMethods(TestMethodWorker.java:148)
at org.testng.internal.invokers.TestMethodWorker.run(TestMethodWorker.java:128)
at java.base/java.util.ArrayList.forEach(ArrayList.java:1511)
at org.testng.TestRunner.privateRun(TestRunner.java:848)
at org.testng.TestRunner.run(TestRunner.java:621)
at org.testng.SuiteRunner.runTest(SuiteRunner.java:443)
at org.testng.SuiteRunner.runSequentially(SuiteRunner.java:437)
at org.testng.SuiteRunner.privateRun(SuiteRunner.java:397)
at org.testng.SuiteRunner.run(SuiteRunner.java:336)
at org.testng.SuiteRunnerWorker.runSuite(SuiteRunnerWorker.java:52)
at org.testng.SuiteRunnerWorker.run(SuiteRunnerWorker.java:95)
at org.testng.TestNG.runSuitesSequentially(TestNG.java:1280)
at org.testng.TestNG.runSuitesLocally(TestNG.java:1200)
at org.testng.TestNG.runSuites(TestNG.java:1114)
at org.testng.TestNG.run(TestNG.java:1082)
at org.apache.maven.surefire.testng.TestNGExecutor.run(TestNGExecutor.java:284)
at org.apache.maven.surefire.testng.TestNGXmlTestSuite.execute(TestNGXmlTestSuite.java:75)
at org.apache.maven.surefire.testng.TestNGProvider.invoke(TestNGProvider.java:119)
at org.apache.maven.surefire.booter.ForkedBooter.runSuitesInProcess(ForkedBooter.java:428)
at org.apache.maven.surefire.booter.ForkedBooter.execute(ForkedBooter.java:162)
at org.apache.maven.surefire.booter.ForkedBooter.run(ForkedBooter.java:562)
at org.apache.maven.surefire.booter.ForkedBooter.main(ForkedBooter.java:548)
]]>
            </full-stacktrace>
          </exception> <!-- java.lang.AssertionError -->
          <reporter-output>
          </reporter-output>
        </test-method> <!-- myTest -->
        <test-method is-config="true" signature="tearDown(org.testng.ITestResult)[pri:0, instance:com.DemoLogin.BaseClassTest1@821330f]" started-at="2024-02-08T10:11:19 EST" name="tearDown" finished-at="2024-02-08T10:11:26 EST" duration-ms="6957" status="PASS">
          <params>
            <param index="0">
              <value>
                <![CDATA[[TestResult name=myTest status=FAILURE method=BaseClassTest1.myTest()[pri:0, instance:com.DemoLogin.BaseClassTest1@821330f] output={null}]]]>
              </value>
            </param>
          </params>
          <reporter-output>
          </reporter-output>
        </test-method> <!-- tearDown -->
        <test-method is-config="true" signature="tearDown()[pri:0, instance:com.DemoLogin.BaseClassTest1@821330f]" started-at="2024-02-08T10:11:26 EST" name="tearDown" finished-at="2024-02-08T10:11:26 EST" duration-ms="0" status="PASS">
          <reporter-output>
          </reporter-output>
        </test-method> <!-- tearDown -->
      </class> <!-- com.DemoLogin.BaseClassTest1 -->
    </test> <!-- BaseClassTest1 -->
  </suite> <!-- SuiteName -->
</testng-results>
