-------------------------------------------------------------------------------
Test set: TestSuite
-------------------------------------------------------------------------------
Tests run: 3, Failures: 1, Errors: 0, Skipped: 0, Time elapsed: 130.83 s <<< FAILURE! - in TestSuite
com.DemoLogin.BaseClassTest1.myTest  Time elapsed: 22.86 s  <<< FAILURE!
java.lang.AssertionError: expected [YouTube] but found [youtube]
	at com.DemoLogin.BaseClassTest1.myTest(BaseClassTest1.java:13)

