<?xml version="1.0" encoding="UTF-8"?>
<!-- Generated by org.testng.reporters.JUnitXMLReporter -->
<testsuite ignored="0" hostname="DMITPC31" failures="1" tests="1" name="TestName3" time="147.227" errors="0" timestamp="2024-01-18T11:01:46 EST">
  <testcase classname="com.DemoLogin.BaseClassTest1" name="myTest" time="44.162">
    <failure type="java.lang.AssertionError" message="expected [YouTube] but found [google]">
      <![CDATA[java.lang.AssertionError: expected [YouTube] but found [google]
at com.DemoLogin.BaseClassTest1.myTest(BaseClassTest1.java:13)
at java.base/java.util.ArrayList.forEach(ArrayList.java:1511)
... Removed 35 stack frames]]>
    </failure>
  </testcase> <!-- myTest -->
</testsuite> <!-- TestName3 -->
